<?xml version="1.0" encoding="UTF-8"?>
<!-- Generated by org.testng.reporters.JUnitReportReporter -->
<testsuite hostname="SVL" failures="0" tests="1" name="com.dummyrestapiexample.Project_1.AllEmpData" time="3.873" errors="0" timestamp="2023-06-02T19:30:27 IST" skipped="0">
  <testcase classname="com.dummyrestapiexample.Project_1.AllEmpData" name="getAllEmpData" time="3.873"/>
  <system-out/>
</testsuite> <!-- com.dummyrestapiexample.Project_1.AllEmpData -->
