<?xml version="1.0" encoding="UTF-8"?>
<!-- Generated by org.testng.reporters.JUnitReportReporter -->
<testsuite hostname="SVL" failures="0" tests="1" name="com.dummyrestapiexample.Project_1.EmpUpdate" time="3.872" errors="0" timestamp="2023-06-02T19:31:08 IST" skipped="0">
  <testcase classname="com.dummyrestapiexample.Project_1.EmpUpdate" name="empUpdate" time="3.872"/>
  <system-out/>
</testsuite> <!-- com.dummyrestapiexample.Project_1.EmpUpdate -->
