<?xml version="1.0" encoding="UTF-8"?>
<!-- Generated by org.testng.reporters.JUnitReportReporter -->
<testsuite hostname="SVL" failures="0" tests="1" name="com.dummyrestapiexample.Project_1.DeleteEmpRecord" time="5.600" errors="0" timestamp="2023-06-02T19:32:53 IST" skipped="0">
  <testcase classname="com.dummyrestapiexample.Project_1.DeleteEmpRecord" name="delEmpRecord" time="5.600"/>
  <system-out/>
</testsuite> <!-- com.dummyrestapiexample.Project_1.DeleteEmpRecord -->
