<?xml version="1.0" encoding="UTF-8"?>
<!-- Generated by org.testng.reporters.JUnitReportReporter -->
<testsuite hostname="SVL" failures="0" tests="1" name="CrudOperations.Project_2.Api_1_Get" time="3.528" errors="0" timestamp="2023-06-01T08:49:31 IST" skipped="0">
  <testcase classname="CrudOperations.Project_2.Api_1_Get" name="api_1" time="3.528"/>
  <system-out/>
</testsuite> <!-- CrudOperations.Project_2.Api_1_Get -->
