<?xml version="1.0" encoding="UTF-8"?>
<!-- Generated by org.testng.reporters.JUnitReportReporter -->
<testsuite hostname="SVL" failures="0" tests="1" name="CrudOperations.Project_2.Api_2_Post" time="3.654" errors="0" timestamp="2023-06-01T08:51:24 IST" skipped="0">
  <testcase classname="CrudOperations.Project_2.Api_2_Post" name="apiPost" time="3.654"/>
  <system-out/>
</testsuite> <!-- CrudOperations.Project_2.Api_2_Post -->
